2026-01-16 23:29:54:2954 [31merror[39m: [31mFailed to send message: Forbidden: You don't have access to this conversation[39m
2026-01-16 23:29:54:2954 [31merror[39m: [31mError sending message: Forbidden: You don't have access to this conversation[39m
2026-01-23 20:53:17:5317 [31merror[39m: [31mError sending message: Cannot destructure property 'prompt' of 'req.body' as it is undefined.[39m
2026-01-23 20:53:30:5330 [31merror[39m: [31mError sending first message: Cannot destructure property 'prompt' of 'req.body' as it is undefined.[39m
2026-01-23 20:53:33:5333 [31merror[39m: [31mError sending first message: Cannot destructure property 'prompt' of 'req.body' as it is undefined.[39m
2026-01-23 20:53:37:5337 [31merror[39m: [31mError sending first message: Cannot destructure property 'prompt' of 'req.body' as it is undefined.[39m
2026-01-23 20:53:41:5341 [31merror[39m: [31mError sending first message: Cannot destructure property 'prompt' of 'req.body' as it is undefined.[39m
2026-01-23 20:53:47:5347 [31merror[39m: [31mError sending first message: Cannot destructure property 'prompt' of 'req.body' as it is undefined.[39m
2026-01-23 21:06:25:625 [31merror[39m: [31mError sending first message: Cannot destructure property 'prompt' of 'req.body' as it is undefined.[39m
2026-02-03 23:57:00:570 [31merror[39m: [31mFailed to send message: Google API Error: {[39m
[31m  "error": {[39m
[31m    "code": 403,[39m
[31m    "message": "Your API key was reported as leaked. Please use another API key.",[39m
[31m    "status": "PERMISSION_DENIED"[39m
[31m  }[39m
[31m}[39m
[31m[39m
2026-02-03 23:57:00:570 [31merror[39m: [31mError sending message: Google API Error: {[39m
[31m  "error": {[39m
[31m    "code": 403,[39m
[31m    "message": "Your API key was reported as leaked. Please use another API key.",[39m
[31m    "status": "PERMISSION_DENIED"[39m
[31m  }[39m
[31m}[39m
[31m[39m
2026-02-03 23:57:30:5730 [31merror[39m: [31mFailed to send message: Google API Error: {[39m
[31m  "error": {[39m
[31m    "code": 403,[39m
[31m    "message": "Your API key was reported as leaked. Please use another API key.",[39m
[31m    "status": "PERMISSION_DENIED"[39m
[31m  }[39m
[31m}[39m
[31m[39m
2026-02-03 23:57:30:5730 [31merror[39m: [31mError sending message: Google API Error: {[39m
[31m  "error": {[39m
[31m    "code": 403,[39m
[31m    "message": "Your API key was reported as leaked. Please use another API key.",[39m
[31m    "status": "PERMISSION_DENIED"[39m
[31m  }[39m
[31m}[39m
[31m[39m
2026-02-06 00:05:16:516 [31merror[39m: [31mFailed to send first message: Google API Error: {[39m
[31m  "error": {[39m
[31m    "code": 400,[39m
[31m    "message": "API key expired. Please renew the API key.",[39m
[31m    "status": "INVALID_ARGUMENT",[39m
[31m    "details": [[39m
[31m      {[39m
[31m        "@type": "type.googleapis.com/google.rpc.ErrorInfo",[39m
[31m        "reason": "API_KEY_INVALID",[39m
[31m        "domain": "googleapis.com",[39m
[31m        "metadata": {[39m
[31m          "service": "generativelanguage.googleapis.com"[39m
[31m        }[39m
[31m      },[39m
[31m      {[39m
[31m        "@type": "type.googleapis.com/google.rpc.LocalizedMessage",[39m
[31m        "locale": "en-US",[39m
[31m        "message": "API key expired. Please renew the API key."[39m
[31m      }[39m
[31m    ][39m
[31m  }[39m
[31m}[39m
[31m[39m
2026-02-06 00:05:16:516 [31merror[39m: [31mError sending first message: Google API Error: {[39m
[31m  "error": {[39m
[31m    "code": 400,[39m
[31m    "message": "API key expired. Please renew the API key.",[39m
[31m    "status": "INVALID_ARGUMENT",[39m
[31m    "details": [[39m
[31m      {[39m
[31m        "@type": "type.googleapis.com/google.rpc.ErrorInfo",[39m
[31m        "reason": "API_KEY_INVALID",[39m
[31m        "domain": "googleapis.com",[39m
[31m        "metadata": {[39m
[31m          "service": "generativelanguage.googleapis.com"[39m
[31m        }[39m
[31m      },[39m
[31m      {[39m
[31m        "@type": "type.googleapis.com/google.rpc.LocalizedMessage",[39m
[31m        "locale": "en-US",[39m
[31m        "message": "API key expired. Please renew the API key."[39m
[31m      }[39m
[31m    ][39m
[31m  }[39m
[31m}[39m
[31m[39m
2026-02-06 00:05:32:532 [31merror[39m: [31mFailed to send first message: Google API Error: {[39m
[31m  "error": {[39m
[31m    "code": 400,[39m
[31m    "message": "API key expired. Please renew the API key.",[39m
[31m    "status": "INVALID_ARGUMENT",[39m
[31m    "details": [[39m
[31m      {[39m
[31m        "@type": "type.googleapis.com/google.rpc.ErrorInfo",[39m
[31m        "reason": "API_KEY_INVALID",[39m
[31m        "domain": "googleapis.com",[39m
[31m        "metadata": {[39m
[31m          "service": "generativelanguage.googleapis.com"[39m
[31m        }[39m
[31m      },[39m
[31m      {[39m
[31m        "@type": "type.googleapis.com/google.rpc.LocalizedMessage",[39m
[31m        "locale": "en-US",[39m
[31m        "message": "API key expired. Please renew the API key."[39m
[31m      }[39m
[31m    ][39m
[31m  }[39m
[31m}[39m
[31m[39m
2026-02-06 00:05:32:532 [31merror[39m: [31mError sending first message: Google API Error: {[39m
[31m  "error": {[39m
[31m    "code": 400,[39m
[31m    "message": "API key expired. Please renew the API key.",[39m
[31m    "status": "INVALID_ARGUMENT",[39m
[31m    "details": [[39m
[31m      {[39m
[31m        "@type": "type.googleapis.com/google.rpc.ErrorInfo",[39m
[31m        "reason": "API_KEY_INVALID",[39m
[31m        "domain": "googleapis.com",[39m
[31m        "metadata": {[39m
[31m          "service": "generativelanguage.googleapis.com"[39m
[31m        }[39m
[31m      },[39m
[31m      {[39m
[31m        "@type": "type.googleapis.com/google.rpc.LocalizedMessage",[39m
[31m        "locale": "en-US",[39m
[31m        "message": "API key expired. Please renew the API key."[39m
[31m      }[39m
[31m    ][39m
[31m  }[39m
[31m}[39m
[31m[39m
